<?xml version="1.0" encoding="UTF-8" ?>

<testsuite failures="0" time="0.104" errors="0" skipped="0" tests="6" name="BasicTest">
  <testcase classname="BasicTest" name="useTheCommentsRelation" time="0.02">
      </testcase>
  <testcase classname="BasicTest" name="tryConnectAsUser" time="0.007">
      </testcase>
  <testcase classname="BasicTest" name="createAndRetriveUser" time="0.005">
      </testcase>
  <testcase classname="BasicTest" name="fullTest" time="0.054">
      </testcase>
  <testcase classname="BasicTest" name="createPost" time="0.008">
      </testcase>
  <testcase classname="BasicTest" name="postComment" time="0.01">
      </testcase>
</testsuite>